[2025-05-14 14:43:39,807] 1025 httpx - INFO - HTTP Request: POST https://dagshub.com/login/oauth/middleman "HTTP/1.1 200 OK"
[2025-05-14 14:43:39,958] 1025 httpx - INFO - HTTP Request: POST https://dagshub.com/login/oauth/access_token "HTTP/1.1 200 OK"
[2025-05-14 14:43:40,108] 1025 httpx - INFO - HTTP Request: GET https://dagshub.com/api/v1/user "HTTP/1.1 200 OK"
[2025-05-14 14:43:40,116] 107 dagshub - INFO - Accessing as Drew-9960
[2025-05-14 14:43:40,304] 1025 httpx - INFO - HTTP Request: GET https://dagshub.com/api/v1/repos/Drew-9960/MLOPS_NetworkSecurity "HTTP/1.1 200 OK"
[2025-05-14 14:43:40,463] 1025 httpx - INFO - HTTP Request: GET https://dagshub.com/api/v1/user "HTTP/1.1 200 OK"
[2025-05-14 14:43:40,467] 107 dagshub - INFO - Initialized MLflow to track repo "Drew-9960/MLOPS_NetworkSecurity"
[2025-05-14 14:43:40,467] 107 dagshub - INFO - Repository Drew-9960/MLOPS_NetworkSecurity initialized!
[2025-05-14 14:43:40,469] 18 root - INFO - Initiate the data ingestion
[2025-05-14 14:43:41,896] 63 root - INFO - Performed train test split on dataframe
[2025-05-14 14:43:41,896] 65 root - INFO - Exited split_data_as_train_test method of Data_Ingestion class
[2025-05-14 14:43:41,896] 72 root - INFO - Exporting train and test file path
[2025-05-14 14:43:41,920] 82 root - INFO - Exported train and test file path
[2025-05-14 14:43:41,920] 20 root - INFO - Data initiation completed
[2025-05-14 14:43:41,923] 24 root - INFO - Initiate the data Validation
[2025-05-14 14:43:41,930] 36 root - INFO - Required number of columns:2
[2025-05-14 14:43:41,930] 37 root - INFO - Data frame has columns:31
[2025-05-14 14:43:41,930] 36 root - INFO - Required number of columns:2
[2025-05-14 14:43:41,930] 37 root - INFO - Data frame has columns:31
[2025-05-14 14:43:41,994] 26 root - INFO - Data validation completed
[2025-05-14 14:43:41,994] 29 root - INFO - Data transformation started
[2025-05-14 14:43:41,994] 63 root - INFO - Entered initiate_data_transformation method of DataTransformation class
[2025-05-14 14:43:41,994] 65 root - INFO - Starting data transformation
[2025-05-14 14:43:41,999] 49 root - INFO - Entered get_data_transformer_object method of Transformaion class
[2025-05-14 14:43:41,999] 54 root - INFO - Initialize KNNImputer with {'missing_values': nan, 'n_neighbors': 3, 'weights': 'uniform'}
[2025-05-14 14:43:42,001] 50 root - INFO - Entered the save_object method of MainUtils class
[2025-05-14 14:43:42,003] 54 root - INFO - Exited the save_object method of MainUtils class
[2025-05-14 14:43:42,003] 33 root - INFO - Data transformation completed
[2025-05-14 14:43:42,003] 35 root - INFO - Model Trainer Started
[2025-05-14 14:43:59,615] 50 root - INFO - Entered the save_object method of MainUtils class
[2025-05-14 14:43:59,617] 54 root - INFO - Exited the save_object method of MainUtils class
[2025-05-14 14:43:59,618] 117 root - INFO - Model trainer artifact : ModelTrainerArtifact(trained_model_file_path='Artifacts/05_14_2025_14_43_31/model_trainer/trained_model/model.pkl', train_metric_artifact=ClassificationMetricArtifact(f1_score=0.9934102141680395, precision_score=0.9925925925925926, recall_score=0.9942291838417148), test_metric_artifact=ClassificationMetricArtifact(f1_score=0.9934102141680395, precision_score=0.9925925925925926, recall_score=0.9942291838417148))
[2025-05-14 14:43:59,620] 40 root - INFO - Model Training Artifact Created
