[2025-05-14 14:55:33,319] 1025 httpx - INFO - HTTP Request: GET https://dagshub.com/api/v1/user "HTTP/1.1 200 OK"
[2025-05-14 14:55:33,326] 107 dagshub - INFO - Accessing as Drew-9960
[2025-05-14 14:55:33,508] 1025 httpx - INFO - HTTP Request: GET https://dagshub.com/api/v1/repos/Drew-9960/MLOPS_NetworkSecurity "HTTP/1.1 200 OK"
[2025-05-14 14:55:33,658] 1025 httpx - INFO - HTTP Request: GET https://dagshub.com/api/v1/user "HTTP/1.1 200 OK"
[2025-05-14 14:55:33,662] 107 dagshub - INFO - Initialized MLflow to track repo "Drew-9960/MLOPS_NetworkSecurity"
[2025-05-14 14:55:33,663] 107 dagshub - INFO - Repository Drew-9960/MLOPS_NetworkSecurity initialized!
[2025-05-14 14:55:33,663] 18 root - INFO - Initiate the data ingestion
[2025-05-14 14:55:34,990] 63 root - INFO - Performed train test split on dataframe
[2025-05-14 14:55:34,990] 65 root - INFO - Exited split_data_as_train_test method of Data_Ingestion class
[2025-05-14 14:55:34,990] 72 root - INFO - Exporting train and test file path
[2025-05-14 14:55:35,013] 82 root - INFO - Exported train and test file path
[2025-05-14 14:55:35,013] 20 root - INFO - Data initiation completed
[2025-05-14 14:55:35,015] 24 root - INFO - Initiate the data Validation
[2025-05-14 14:55:35,023] 36 root - INFO - Required number of columns:2
[2025-05-14 14:55:35,023] 37 root - INFO - Data frame has columns:31
[2025-05-14 14:55:35,023] 36 root - INFO - Required number of columns:2
[2025-05-14 14:55:35,023] 37 root - INFO - Data frame has columns:31
[2025-05-14 14:55:35,084] 26 root - INFO - Data validation completed
[2025-05-14 14:55:35,084] 29 root - INFO - Data transformation started
[2025-05-14 14:55:35,084] 63 root - INFO - Entered initiate_data_transformation method of DataTransformation class
[2025-05-14 14:55:35,084] 65 root - INFO - Starting data transformation
[2025-05-14 14:55:35,088] 49 root - INFO - Entered get_data_transformer_object method of Transformaion class
[2025-05-14 14:55:35,088] 54 root - INFO - Initialize KNNImputer with {'missing_values': nan, 'n_neighbors': 3, 'weights': 'uniform'}
[2025-05-14 14:55:35,091] 50 root - INFO - Entered the save_object method of MainUtils class
[2025-05-14 14:55:35,092] 54 root - INFO - Exited the save_object method of MainUtils class
[2025-05-14 14:55:35,092] 50 root - INFO - Entered the save_object method of MainUtils class
[2025-05-14 14:55:35,093] 54 root - INFO - Exited the save_object method of MainUtils class
[2025-05-14 14:55:35,093] 33 root - INFO - Data transformation completed
[2025-05-14 14:55:35,093] 35 root - INFO - Model Trainer Started
[2025-05-14 14:55:51,276] 50 root - INFO - Entered the save_object method of MainUtils class
[2025-05-14 14:55:51,277] 54 root - INFO - Exited the save_object method of MainUtils class
[2025-05-14 14:55:51,277] 50 root - INFO - Entered the save_object method of MainUtils class
[2025-05-14 14:55:51,281] 54 root - INFO - Exited the save_object method of MainUtils class
[2025-05-14 14:55:51,281] 119 root - INFO - Model trainer artifact : ModelTrainerArtifact(trained_model_file_path='Artifacts/05_14_2025_14_55_31/model_trainer/trained_model/model.pkl', train_metric_artifact=ClassificationMetricArtifact(f1_score=0.9975083056478405, precision_score=0.9975083056478405, recall_score=0.9975083056478405), test_metric_artifact=ClassificationMetricArtifact(f1_score=0.9975083056478405, precision_score=0.9975083056478405, recall_score=0.9975083056478405))
[2025-05-14 14:55:51,281] 40 root - INFO - Model Training Artifact Created
